Analysis & Synthesis report for top_mipszy
Sat Dec 12 06:19:23 2020
Quartus II 64-Bit Version 13.1.0 Build 162 10/23/2013 SJ Web Edition


---------------------
; Table of Contents ;
---------------------
  1. Legal Notice
  2. Analysis & Synthesis Summary
  3. Analysis & Synthesis Settings
  4. Parallel Compilation
  5. Analysis & Synthesis Source Files Read
  6. Analysis & Synthesis Resource Usage Summary
  7. Analysis & Synthesis Resource Utilization by Entity
  8. General Register Statistics
  9. Inverted Register Statistics
 10. Multiplexer Restructuring Statistics (Restructuring Performed)
 11. Elapsed Time Per Partition
 12. Analysis & Synthesis Messages



----------------
; Legal Notice ;
----------------
Copyright (C) 1991-2013 Altera Corporation
Your use of Altera Corporation's design tools, logic functions 
and other software and tools, and its AMPP partner logic 
functions, and any output files from any of the foregoing 
(including device programming or simulation files), and any 
associated documentation or information are expressly subject 
to the terms and conditions of the Altera Program License 
Subscription Agreement, Altera MegaCore Function License 
Agreement, or other applicable license agreement, including, 
without limitation, that your use is for the sole purpose of 
programming logic devices manufactured by Altera and sold by 
Altera or its authorized distributors.  Please refer to the 
applicable agreement for further details.



+---------------------------------------------------------------------------------+
; Analysis & Synthesis Summary                                                    ;
+------------------------------------+--------------------------------------------+
; Analysis & Synthesis Status        ; Successful - Sat Dec 12 06:19:22 2020      ;
; Quartus II 64-Bit Version          ; 13.1.0 Build 162 10/23/2013 SJ Web Edition ;
; Revision Name                      ; top_mipszy                                 ;
; Top-level Entity Name              ; DM                                         ;
; Family                             ; Cyclone III                                ;
; Total logic elements               ; 55,700                                     ;
;     Total combinational functions  ; 28,052                                     ;
;     Dedicated logic registers      ; 32,768                                     ;
; Total registers                    ; 32768                                      ;
; Total pins                         ; 78                                         ;
; Total virtual pins                 ; 0                                          ;
; Total memory bits                  ; 0                                          ;
; Embedded Multiplier 9-bit elements ; 0                                          ;
; Total PLLs                         ; 0                                          ;
+------------------------------------+--------------------------------------------+


+----------------------------------------------------------------------------------------------------------------------+
; Analysis & Synthesis Settings                                                                                        ;
+----------------------------------------------------------------------------+--------------------+--------------------+
; Option                                                                     ; Setting            ; Default Value      ;
+----------------------------------------------------------------------------+--------------------+--------------------+
; Device                                                                     ; EP3C16F484C6       ;                    ;
; Top-level entity name                                                      ; DM                 ; top_mipszy         ;
; Family name                                                                ; Cyclone III        ; Cyclone IV GX      ;
; Use smart compilation                                                      ; Off                ; Off                ;
; Enable parallel Assembler and TimeQuest Timing Analyzer during compilation ; On                 ; On                 ;
; Enable compact report table                                                ; Off                ; Off                ;
; Restructure Multiplexers                                                   ; Auto               ; Auto               ;
; Create Debugging Nodes for IP Cores                                        ; Off                ; Off                ;
; Preserve fewer node names                                                  ; On                 ; On                 ;
; Disable OpenCore Plus hardware evaluation                                  ; Off                ; Off                ;
; Verilog Version                                                            ; Verilog_2001       ; Verilog_2001       ;
; VHDL Version                                                               ; VHDL_1993          ; VHDL_1993          ;
; State Machine Processing                                                   ; Auto               ; Auto               ;
; Safe State Machine                                                         ; Off                ; Off                ;
; Extract Verilog State Machines                                             ; On                 ; On                 ;
; Extract VHDL State Machines                                                ; On                 ; On                 ;
; Ignore Verilog initial constructs                                          ; Off                ; Off                ;
; Iteration limit for constant Verilog loops                                 ; 5000               ; 5000               ;
; Iteration limit for non-constant Verilog loops                             ; 250                ; 250                ;
; Add Pass-Through Logic to Inferred RAMs                                    ; On                 ; On                 ;
; Infer RAMs from Raw Logic                                                  ; On                 ; On                 ;
; Parallel Synthesis                                                         ; On                 ; On                 ;
; DSP Block Balancing                                                        ; Auto               ; Auto               ;
; NOT Gate Push-Back                                                         ; On                 ; On                 ;
; Power-Up Don't Care                                                        ; On                 ; On                 ;
; Remove Redundant Logic Cells                                               ; Off                ; Off                ;
; Remove Duplicate Registers                                                 ; On                 ; On                 ;
; Ignore CARRY Buffers                                                       ; Off                ; Off                ;
; Ignore CASCADE Buffers                                                     ; Off                ; Off                ;
; Ignore GLOBAL Buffers                                                      ; Off                ; Off                ;
; Ignore ROW GLOBAL Buffers                                                  ; Off                ; Off                ;
; Ignore LCELL Buffers                                                       ; Off                ; Off                ;
; Ignore SOFT Buffers                                                        ; On                 ; On                 ;
; Limit AHDL Integers to 32 Bits                                             ; Off                ; Off                ;
; Optimization Technique                                                     ; Balanced           ; Balanced           ;
; Carry Chain Length                                                         ; 70                 ; 70                 ;
; Auto Carry Chains                                                          ; On                 ; On                 ;
; Auto Open-Drain Pins                                                       ; On                 ; On                 ;
; Perform WYSIWYG Primitive Resynthesis                                      ; Off                ; Off                ;
; Auto ROM Replacement                                                       ; On                 ; On                 ;
; Auto RAM Replacement                                                       ; On                 ; On                 ;
; Auto DSP Block Replacement                                                 ; On                 ; On                 ;
; Auto Shift Register Replacement                                            ; Auto               ; Auto               ;
; Allow Shift Register Merging across Hierarchies                            ; Auto               ; Auto               ;
; Auto Clock Enable Replacement                                              ; On                 ; On                 ;
; Strict RAM Replacement                                                     ; Off                ; Off                ;
; Allow Synchronous Control Signals                                          ; On                 ; On                 ;
; Force Use of Synchronous Clear Signals                                     ; Off                ; Off                ;
; Auto RAM Block Balancing                                                   ; On                 ; On                 ;
; Auto RAM to Logic Cell Conversion                                          ; Off                ; Off                ;
; Auto Resource Sharing                                                      ; Off                ; Off                ;
; Allow Any RAM Size For Recognition                                         ; Off                ; Off                ;
; Allow Any ROM Size For Recognition                                         ; Off                ; Off                ;
; Allow Any Shift Register Size For Recognition                              ; Off                ; Off                ;
; Use LogicLock Constraints during Resource Balancing                        ; On                 ; On                 ;
; Ignore translate_off and synthesis_off directives                          ; Off                ; Off                ;
; Timing-Driven Synthesis                                                    ; On                 ; On                 ;
; Report Parameter Settings                                                  ; On                 ; On                 ;
; Report Source Assignments                                                  ; On                 ; On                 ;
; Report Connectivity Checks                                                 ; On                 ; On                 ;
; Ignore Maximum Fan-Out Assignments                                         ; Off                ; Off                ;
; Synchronization Register Chain Length                                      ; 2                  ; 2                  ;
; PowerPlay Power Optimization                                               ; Normal compilation ; Normal compilation ;
; HDL message level                                                          ; Level2             ; Level2             ;
; Suppress Register Optimization Related Messages                            ; Off                ; Off                ;
; Number of Removed Registers Reported in Synthesis Report                   ; 5000               ; 5000               ;
; Number of Swept Nodes Reported in Synthesis Report                         ; 5000               ; 5000               ;
; Number of Inverted Registers Reported in Synthesis Report                  ; 100                ; 100                ;
; Clock MUX Protection                                                       ; On                 ; On                 ;
; Auto Gated Clock Conversion                                                ; Off                ; Off                ;
; Block Design Naming                                                        ; Auto               ; Auto               ;
; SDC constraint protection                                                  ; Off                ; Off                ;
; Synthesis Effort                                                           ; Auto               ; Auto               ;
; Shift Register Replacement - Allow Asynchronous Clear Signal               ; On                 ; On                 ;
; Pre-Mapping Resynthesis Optimization                                       ; Off                ; Off                ;
; Analysis & Synthesis Message Level                                         ; Medium             ; Medium             ;
; Disable Register Merging Across Hierarchies                                ; Auto               ; Auto               ;
; Resource Aware Inference For Block RAM                                     ; On                 ; On                 ;
; Synthesis Seed                                                             ; 1                  ; 1                  ;
+----------------------------------------------------------------------------+--------------------+--------------------+


Parallel compilation was disabled, but you have multiple processors available. Enable parallel compilation to reduce compilation time.
+-------------------------------------+
; Parallel Compilation                ;
+----------------------------+--------+
; Processors                 ; Number ;
+----------------------------+--------+
; Number detected on machine ; 8      ;
; Maximum allowed            ; 1      ;
+----------------------------+--------+


+-------------------------------------------------------------------------------------------------------------------------------------+
; Analysis & Synthesis Source Files Read                                                                                              ;
+----------------------------------+-----------------+-----------------+----------------------------------------------------+---------+
; File Name with User-Entered Path ; Used in Netlist ; File Type       ; File Name with Absolute Path                       ; Library ;
+----------------------------------+-----------------+-----------------+----------------------------------------------------+---------+
; DM.vhd                           ; yes             ; User VHDL File  ; C:/Users/thuon/Desktop/4165/lab9_mipzy_skel/DM.vhd ;         ;
+----------------------------------+-----------------+-----------------+----------------------------------------------------+---------+


+---------------------------------------------------------+
; Analysis & Synthesis Resource Usage Summary             ;
+---------------------------------------------+-----------+
; Resource                                    ; Usage     ;
+---------------------------------------------+-----------+
; Estimated Total logic elements              ; 55,700    ;
;                                             ;           ;
; Total combinational functions               ; 28052     ;
; Logic element usage by number of LUT inputs ;           ;
;     -- 4 input functions                    ; 22384     ;
;     -- 3 input functions                    ; 161       ;
;     -- <=2 input functions                  ; 5507      ;
;                                             ;           ;
; Logic elements by mode                      ;           ;
;     -- normal mode                          ; 28052     ;
;     -- arithmetic mode                      ; 0         ;
;                                             ;           ;
; Total registers                             ; 32768     ;
;     -- Dedicated logic registers            ; 32768     ;
;     -- I/O registers                        ; 0         ;
;                                             ;           ;
; I/O pins                                    ; 78        ;
; Embedded Multiplier 9-bit elements          ; 0         ;
; Maximum fan-out node                        ; rst~input ;
; Maximum fan-out                             ; 32800     ;
; Total fan-out                               ; 227095    ;
; Average fan-out                             ; 3.72      ;
+---------------------------------------------+-----------+


+------------------------------------------------------------------------------------------------------------------------------------------------------------------------------+
; Analysis & Synthesis Resource Utilization by Entity                                                                                                                          ;
+----------------------------+-------------------+---------------+-------------+--------------+---------+-----------+------+--------------+---------------------+--------------+
; Compilation Hierarchy Node ; LC Combinationals ; LC Registers  ; Memory Bits ; DSP Elements ; DSP 9x9 ; DSP 18x18 ; Pins ; Virtual Pins ; Full Hierarchy Name ; Library Name ;
+----------------------------+-------------------+---------------+-------------+--------------+---------+-----------+------+--------------+---------------------+--------------+
; |DM                        ; 28052 (28052)     ; 32768 (32768) ; 0           ; 0            ; 0       ; 0         ; 78   ; 0            ; |DM                 ; work         ;
+----------------------------+-------------------+---------------+-------------+--------------+---------+-----------+------+--------------+---------------------+--------------+
Note: For table entries with two numbers listed, the numbers in parentheses indicate the number of resources of the given type used by the specific entity alone. The numbers listed outside of parentheses indicate the total resources of the given type used by the specific entity and all of its sub-entities in the hierarchy.


+------------------------------------------------------+
; General Register Statistics                          ;
+----------------------------------------------+-------+
; Statistic                                    ; Value ;
+----------------------------------------------+-------+
; Total registers                              ; 32768 ;
; Number of registers using Synchronous Clear  ; 0     ;
; Number of registers using Synchronous Load   ; 0     ;
; Number of registers using Asynchronous Clear ; 32768 ;
; Number of registers using Asynchronous Load  ; 0     ;
; Number of registers using Clock Enable       ; 32768 ;
; Number of registers using Preset             ; 0     ;
+----------------------------------------------+-------+


+------------------------------------------------------+
; Inverted Register Statistics                         ;
+--------------------------------------------+---------+
; Inverted Register                          ; Fan out ;
+--------------------------------------------+---------+
; MemD[740][0]                               ; 1       ;
; MemD[736][0]                               ; 1       ;
; MemD[684][0]                               ; 1       ;
; MemD[680][0]                               ; 1       ;
; MemD[676][0]                               ; 1       ;
; MemD[672][0]                               ; 1       ;
; MemD[748][0]                               ; 1       ;
; MemD[744][0]                               ; 1       ;
; MemD[654][0]                               ; 1       ;
; MemD[650][0]                               ; 1       ;
; MemD[710][0]                               ; 1       ;
; MemD[706][0]                               ; 1       ;
; MemD[646][0]                               ; 1       ;
; MemD[642][0]                               ; 1       ;
; MemD[718][0]                               ; 1       ;
; MemD[714][0]                               ; 1       ;
; MemD[708][0]                               ; 1       ;
; MemD[704][0]                               ; 1       ;
; MemD[652][0]                               ; 1       ;
; MemD[648][0]                               ; 1       ;
; MemD[644][0]                               ; 1       ;
; MemD[640][0]                               ; 1       ;
; MemD[716][0]                               ; 1       ;
; MemD[712][0]                               ; 1       ;
; MemD[742][0]                               ; 1       ;
; MemD[686][0]                               ; 1       ;
; MemD[678][0]                               ; 1       ;
; MemD[750][0]                               ; 1       ;
; MemD[682][0]                               ; 1       ;
; MemD[738][0]                               ; 1       ;
; MemD[674][0]                               ; 1       ;
; MemD[746][0]                               ; 1       ;
; MemD[572][0]                               ; 1       ;
; MemD[566][0]                               ; 1       ;
; MemD[564][0]                               ; 1       ;
; MemD[574][0]                               ; 1       ;
; MemD[604][0]                               ; 1       ;
; MemD[598][0]                               ; 1       ;
; MemD[596][0]                               ; 1       ;
; MemD[606][0]                               ; 1       ;
; MemD[540][0]                               ; 1       ;
; MemD[534][0]                               ; 1       ;
; MemD[532][0]                               ; 1       ;
; MemD[542][0]                               ; 1       ;
; MemD[636][0]                               ; 1       ;
; MemD[630][0]                               ; 1       ;
; MemD[628][0]                               ; 1       ;
; MemD[638][0]                               ; 1       ;
; MemD[562][0]                               ; 1       ;
; MemD[538][0]                               ; 1       ;
; MemD[530][0]                               ; 1       ;
; MemD[570][0]                               ; 1       ;
; MemD[600][0]                               ; 1       ;
; MemD[624][0]                               ; 1       ;
; MemD[592][0]                               ; 1       ;
; MemD[632][0]                               ; 1       ;
; MemD[536][0]                               ; 1       ;
; MemD[560][0]                               ; 1       ;
; MemD[528][0]                               ; 1       ;
; MemD[568][0]                               ; 1       ;
; MemD[626][0]                               ; 1       ;
; MemD[602][0]                               ; 1       ;
; MemD[594][0]                               ; 1       ;
; MemD[634][0]                               ; 1       ;
; MemD[526][0]                               ; 1       ;
; MemD[518][0]                               ; 1       ;
; MemD[586][0]                               ; 1       ;
; MemD[578][0]                               ; 1       ;
; MemD[522][0]                               ; 1       ;
; MemD[514][0]                               ; 1       ;
; MemD[590][0]                               ; 1       ;
; MemD[582][0]                               ; 1       ;
; MemD[616][0]                               ; 1       ;
; MemD[612][0]                               ; 1       ;
; MemD[608][0]                               ; 1       ;
; MemD[620][0]                               ; 1       ;
; MemD[552][0]                               ; 1       ;
; MemD[548][0]                               ; 1       ;
; MemD[544][0]                               ; 1       ;
; MemD[556][0]                               ; 1       ;
; MemD[584][0]                               ; 1       ;
; MemD[580][0]                               ; 1       ;
; MemD[576][0]                               ; 1       ;
; MemD[588][0]                               ; 1       ;
; MemD[520][0]                               ; 1       ;
; MemD[516][0]                               ; 1       ;
; MemD[512][0]                               ; 1       ;
; MemD[524][0]                               ; 1       ;
; MemD[558][0]                               ; 1       ;
; MemD[550][0]                               ; 1       ;
; MemD[618][0]                               ; 1       ;
; MemD[610][0]                               ; 1       ;
; MemD[554][0]                               ; 1       ;
; MemD[546][0]                               ; 1       ;
; MemD[622][0]                               ; 1       ;
; MemD[614][0]                               ; 1       ;
; MemD[756][0]                               ; 1       ;
; MemD[726][0]                               ; 1       ;
; MemD[724][0]                               ; 1       ;
; MemD[758][0]                               ; 1       ;
; Total number of inverted registers = 5120* ;         ;
+--------------------------------------------+---------+
* Table truncated at 100 items. To change the number of inverted registers reported, set the "Number of Inverted Registers Reported" option under Assignments->Settings->Analysis and Synthesis Settings->More Settings


+------------------------------------------------------------------------------------------------------------------------------------------+
; Multiplexer Restructuring Statistics (Restructuring Performed)                                                                           ;
+--------------------+-----------+---------------+----------------------+------------------------+------------+----------------------------+
; Multiplexer Inputs ; Bus Width ; Baseline Area ; Area if Restructured ; Saving if Restructured ; Registered ; Example Multiplexer Output ;
+--------------------+-----------+---------------+----------------------+------------------------+------------+----------------------------+
; 1026:1             ; 32 bits   ; 21888 LEs     ; 21856 LEs            ; 32 LEs                 ; No         ; |DM|rd                     ;
+--------------------+-----------+---------------+----------------------+------------------------+------------+----------------------------+


+-------------------------------+
; Elapsed Time Per Partition    ;
+----------------+--------------+
; Partition Name ; Elapsed Time ;
+----------------+--------------+
; Top            ; 00:01:14     ;
+----------------+--------------+


+-------------------------------+
; Analysis & Synthesis Messages ;
+-------------------------------+
Info: *******************************************************************
Info: Running Quartus II 64-Bit Analysis & Synthesis
    Info: Version 13.1.0 Build 162 10/23/2013 SJ Web Edition
    Info: Processing started: Sat Dec 12 06:17:54 2020
Info: Command: quartus_map --read_settings_files=on --write_settings_files=off top_mipszy -c top_mipszy
Warning (20028): Parallel compilation is not licensed and has been disabled
Info (12021): Found 2 design units, including 1 entities, in source file top_mipszy.vhd
    Info (12022): Found design unit 1: top_mipszy-bdf_type
    Info (12023): Found entity 1: top_mipszy
Info (12021): Found 2 design units, including 1 entities, in source file se.vhd
    Info (12022): Found design unit 1: SE-Beh
    Info (12023): Found entity 1: SE
Info (12021): Found 2 design units, including 1 entities, in source file regfile32x32x2.vhd
    Info (12022): Found design unit 1: RegFile32x32x2-Beh
    Info (12023): Found entity 1: RegFile32x32x2
Info (12021): Found 2 design units, including 1 entities, in source file plus4.vhd
    Info (12022): Found design unit 1: plus4-Beh
    Info (12023): Found entity 1: plus4
Info (12021): Found 2 design units, including 1 entities, in source file pc.vhd
    Info (12022): Found design unit 1: pc-beh
    Info (12023): Found entity 1: pc
Info (12021): Found 2 design units, including 1 entities, in source file mux32_2x1.vhd
    Info (12022): Found design unit 1: Mux32_2x1-rtl
    Info (12023): Found entity 1: Mux32_2x1
Info (12021): Found 2 design units, including 1 entities, in source file mux5_2x1.vhd
    Info (12022): Found design unit 1: Mux5_2x1-rtl
    Info (12023): Found entity 1: Mux5_2x1
Info (12021): Found 2 design units, including 1 entities, in source file im.vhd
    Info (12022): Found design unit 1: IM-Beh
    Info (12023): Found entity 1: IM
Info (12021): Found 2 design units, including 1 entities, in source file dm.vhd
    Info (12022): Found design unit 1: DM-Beh
    Info (12023): Found entity 1: DM
Info (12021): Found 2 design units, including 1 entities, in source file controller.vhd
    Info (12022): Found design unit 1: controller-rtl
    Info (12023): Found entity 1: controller
Info (12021): Found 2 design units, including 1 entities, in source file add.vhd
    Info (12022): Found design unit 1: add-Beh
    Info (12023): Found entity 1: add
Info (12021): Found 2 design units, including 1 entities, in source file dec_7seg.vhd
    Info (12022): Found design unit 1: dec_7seg-a
    Info (12023): Found entity 1: dec_7seg
Info (12127): Elaborating entity "DM" for the top level hierarchy
Info (13000): Registers with preset signals will power-up high
Info (13003): DEV_CLRn pin will set, and not reset, register with preset signal due to NOT Gate Push-Back
Info (286030): Timing-Driven Synthesis is running
Info (16010): Generating hard_block partition "hard_block:auto_generated_inst"
    Info (16011): Adding 0 node(s), including 0 DDIO, 0 PLL, 0 transceiver and 0 LCELL
Info (21057): Implemented 55778 device resources after synthesis - the final resource count might be different
    Info (21058): Implemented 46 input pins
    Info (21059): Implemented 32 output pins
    Info (21061): Implemented 55700 logic cells
Info: Quartus II 64-Bit Analysis & Synthesis was successful. 0 errors, 1 warning
    Info: Peak virtual memory: 4948 megabytes
    Info: Processing ended: Sat Dec 12 06:19:23 2020
    Info: Elapsed time: 00:01:29
    Info: Total CPU time (on all processors): 00:01:28


